22 Oct 2015 16:02:59,040 command.AbstractCommand [ERROR]: Couldn't retrieve client credentials
java.security.cert.CertificateException: Error while reading certificates or CRLs: /etc/grid-security/hostcert.pem (No such file or directory)
	at org.glite.security.trustmanager.UpdatingKeyManager.loadKeystore(UpdatingKeyManager.java:321)
	at org.glite.security.trustmanager.UpdatingKeyManager.<init>(UpdatingKeyManager.java:177)
	at org.glite.security.trustmanager.ContextWrapper.initKeyManagers(ContextWrapper.java:490)
	at org.glite.security.trustmanager.ContextWrapper.init(ContextWrapper.java:412)
	at org.glite.security.trustmanager.ContextWrapper.<init>(ContextWrapper.java:276)
	at gov.bnl.gums.command.AbstractCommand.initClientCred(AbstractCommand.java:72)
	at gov.bnl.gums.command.AbstractCommand.isUsingProxy(AbstractCommand.java:197)
	at gov.bnl.gums.admin.GenerateMap.execute(GenerateMap.java:39)
	at gov.bnl.gums.command.AbstractCommand.execute(AbstractCommand.java:119)
	at gov.bnl.gums.command.AbstractCommand.main(AbstractCommand.java:42)
	at sun.reflect.NativeMethodAccessorImpl.invoke0(Native Method)
	at sun.reflect.NativeMethodAccessorImpl.invoke(NativeMethodAccessorImpl.java:57)
	at sun.reflect.DelegatingMethodAccessorImpl.invoke(DelegatingMethodAccessorImpl.java:43)
	at java.lang.reflect.Method.invoke(Method.java:606)
	at gov.bnl.gums.command.GUMSCommandLine.runCommand(GUMSCommandLine.java:111)
	at gov.bnl.gums.command.GUMSCommandLine.main(GUMSCommandLine.java:66)
22 Oct 2015 16:02:59,045 command.AbstractCommand [ERROR]: Couldn't retrieve client credentials
java.security.cert.CertificateException: Error while reading certificates or CRLs: /etc/grid-security/hostcert.pem (No such file or directory)
	at org.glite.security.trustmanager.UpdatingKeyManager.loadKeystore(UpdatingKeyManager.java:321)
	at org.glite.security.trustmanager.UpdatingKeyManager.<init>(UpdatingKeyManager.java:177)
	at org.glite.security.trustmanager.ContextWrapper.initKeyManagers(ContextWrapper.java:490)
	at org.glite.security.trustmanager.ContextWrapper.init(ContextWrapper.java:412)
	at org.glite.security.trustmanager.ContextWrapper.<init>(ContextWrapper.java:276)
	at gov.bnl.gums.command.AbstractCommand.initClientCred(AbstractCommand.java:72)
	at gov.bnl.gums.command.AbstractCommand.getClientDN(AbstractCommand.java:190)
	at gov.bnl.gums.admin.GenerateMap.execute(GenerateMap.java:44)
	at gov.bnl.gums.command.AbstractCommand.execute(AbstractCommand.java:119)
	at gov.bnl.gums.command.AbstractCommand.main(AbstractCommand.java:42)
	at sun.reflect.NativeMethodAccessorImpl.invoke0(Native Method)
	at sun.reflect.NativeMethodAccessorImpl.invoke(NativeMethodAccessorImpl.java:57)
	at sun.reflect.DelegatingMethodAccessorImpl.invoke(DelegatingMethodAccessorImpl.java:43)
	at java.lang.reflect.Method.invoke(Method.java:606)
	at gov.bnl.gums.command.GUMSCommandLine.runCommand(GUMSCommandLine.java:111)
	at gov.bnl.gums.command.GUMSCommandLine.main(GUMSCommandLine.java:66)
22 Oct 2015 16:02:59,573 admin.RemoteCommand [INFO]: Accessing GUMS implementation at https://localhost:8443/gums/services/GUMSAdmin.
22 Oct 2015 16:02:59,777 command.AbstractCommand [INFO]: An error ocurred when connecting to GUMS
AxisFault
 faultCode: {http://schemas.xmlsoap.org/soap/envelope/}Server.userException
 faultSubcode: 
 faultString: java.security.cert.CertificateException: Error while reading certificates or CRLs: /etc/grid-security/hostcert.pem (No such file or directory)
 faultActor: 
 faultNode: 
 faultDetail: 
	{http://xml.apache.org/axis/}stackTrace:java.security.cert.CertificateException: Error while reading certificates or CRLs: /etc/grid-security/hostcert.pem (No such file or directory)
	at org.glite.security.trustmanager.UpdatingKeyManager.loadKeystore(UpdatingKeyManager.java:321)
	at org.glite.security.trustmanager.UpdatingKeyManager.&lt;init&gt;(UpdatingKeyManager.java:177)
	at org.glite.security.trustmanager.ContextWrapper.initKeyManagers(ContextWrapper.java:490)
	at org.glite.security.trustmanager.ContextWrapper.init(ContextWrapper.java:412)
	at org.glite.security.trustmanager.ContextWrapper.&lt;init&gt;(ContextWrapper.java:276)
	at org.glite.security.trustmanager.axis.AXISSocketFactory.create(AXISSocketFactory.java:104)
	at org.apache.axis.transport.http.HTTPSender.getSocket(HTTPSender.java:191)
	at org.apache.axis.transport.http.HTTPSender.writeToSocket(HTTPSender.java:404)
	at org.apache.axis.transport.http.HTTPSender.invoke(HTTPSender.java:138)
	at org.apache.axis.strategies.InvocationStrategy.visit(InvocationStrategy.java:32)
	at org.apache.axis.SimpleChain.doVisiting(SimpleChain.java:118)
	at org.apache.axis.SimpleChain.invoke(SimpleChain.java:83)
	at org.apache.axis.client.AxisClient.invoke(AxisClient.java:165)
	at org.apache.axis.client.Call.invokeEngine(Call.java:2784)
	at org.apache.axis.client.Call.invoke(Call.java:2767)
	at org.apache.axis.client.Call.invoke(Call.java:2443)
	at org.apache.axis.client.Call.invoke(Call.java:2366)
	at org.apache.axis.client.Call.invoke(Call.java:1812)
	at gov.bnl.gums.admin.AdminSoapBindingStub.generateGridMapfile(AdminSoapBindingStub.java:800)
	at gov.bnl.gums.admin.GenerateGridMapfile.generateMap(GenerateGridMapfile.java:28)
	at gov.bnl.gums.admin.GenerateMap.execute(GenerateMap.java:60)
	at gov.bnl.gums.command.AbstractCommand.execute(AbstractCommand.java:119)
	at gov.bnl.gums.command.AbstractCommand.main(AbstractCommand.java:42)
	at sun.reflect.NativeMethodAccessorImpl.invoke0(Native Method)
	at sun.reflect.NativeMethodAccessorImpl.invoke(NativeMethodAccessorImpl.java:57)
	at sun.reflect.DelegatingMethodAccessorImpl.invoke(DelegatingMethodAccessorImpl.java:43)
	at java.lang.reflect.Method.invoke(Method.java:606)
	at gov.bnl.gums.command.GUMSCommandLine.runCommand(GUMSCommandLine.java:111)
	at gov.bnl.gums.command.GUMSCommandLine.main(GUMSCommandLine.java:66)

	{http://xml.apache.org/axis/}hostname:sandhills-ce1.unl.edu

java.security.cert.CertificateException: Error while reading certificates or CRLs: /etc/grid-security/hostcert.pem (No such file or directory)
	at org.apache.axis.AxisFault.makeFault(AxisFault.java:101)
	at org.apache.axis.transport.http.HTTPSender.invoke(HTTPSender.java:154)
	at org.apache.axis.strategies.InvocationStrategy.visit(InvocationStrategy.java:32)
	at org.apache.axis.SimpleChain.doVisiting(SimpleChain.java:118)
	at org.apache.axis.SimpleChain.invoke(SimpleChain.java:83)
	at org.apache.axis.client.AxisClient.invoke(AxisClient.java:165)
	at org.apache.axis.client.Call.invokeEngine(Call.java:2784)
	at org.apache.axis.client.Call.invoke(Call.java:2767)
	at org.apache.axis.client.Call.invoke(Call.java:2443)
	at org.apache.axis.client.Call.invoke(Call.java:2366)
	at org.apache.axis.client.Call.invoke(Call.java:1812)
	at gov.bnl.gums.admin.AdminSoapBindingStub.generateGridMapfile(AdminSoapBindingStub.java:800)
	at gov.bnl.gums.admin.GenerateGridMapfile.generateMap(GenerateGridMapfile.java:28)
	at gov.bnl.gums.admin.GenerateMap.execute(GenerateMap.java:60)
	at gov.bnl.gums.command.AbstractCommand.execute(AbstractCommand.java:119)
	at gov.bnl.gums.command.AbstractCommand.main(AbstractCommand.java:42)
	at sun.reflect.NativeMethodAccessorImpl.invoke0(Native Method)
	at sun.reflect.NativeMethodAccessorImpl.invoke(NativeMethodAccessorImpl.java:57)
	at sun.reflect.DelegatingMethodAccessorImpl.invoke(DelegatingMethodAccessorImpl.java:43)
	at java.lang.reflect.Method.invoke(Method.java:606)
	at gov.bnl.gums.command.GUMSCommandLine.runCommand(GUMSCommandLine.java:111)
	at gov.bnl.gums.command.GUMSCommandLine.main(GUMSCommandLine.java:66)
Caused by: java.security.cert.CertificateException: Error while reading certificates or CRLs: /etc/grid-security/hostcert.pem (No such file or directory)
	at org.glite.security.trustmanager.UpdatingKeyManager.loadKeystore(UpdatingKeyManager.java:321)
	at org.glite.security.trustmanager.UpdatingKeyManager.<init>(UpdatingKeyManager.java:177)
	at org.glite.security.trustmanager.ContextWrapper.initKeyManagers(ContextWrapper.java:490)
	at org.glite.security.trustmanager.ContextWrapper.init(ContextWrapper.java:412)
	at org.glite.security.trustmanager.ContextWrapper.<init>(ContextWrapper.java:276)
	at org.glite.security.trustmanager.axis.AXISSocketFactory.create(AXISSocketFactory.java:104)
	at org.apache.axis.transport.http.HTTPSender.getSocket(HTTPSender.java:191)
	at org.apache.axis.transport.http.HTTPSender.writeToSocket(HTTPSender.java:404)
	at org.apache.axis.transport.http.HTTPSender.invoke(HTTPSender.java:138)
	... 20 more
